SF:lib\main.dart
DA:9,0
DA:12,1
DA:14,1
DA:15,1
DA:16,1
DA:17,1
DA:18,1
DA:20,1
DA:21,1
DA:22,1
DA:23,1
DA:24,1
DA:25,1
DA:26,1
DA:27,1
DA:28,1
DA:29,1
DA:30,1
DA:34,1
DA:35,1
DA:39,1
DA:40,1
DA:44,1
DA:45,1
LF:24
LH:23
end_of_record
SF:lib\two_digit_operation.dart
DA:7,1
DA:15,1
DA:16,1
DA:26,1
DA:29,1
DA:30,3
DA:31,3
DA:34,1
DA:36,1
DA:38,1
DA:39,1
DA:40,5
DA:41,1
DA:44,1
DA:45,1
DA:46,1
DA:47,1
DA:48,1
DA:49,3
DA:50,3
DA:53,1
DA:54,1
DA:55,5
DA:56,1
DA:62,1
DA:63,1
DA:65,1
DA:66,1
DA:67,2
DA:68,2
DA:71,1
DA:72,2
DA:73,3
DA:80,1
DA:81,6
DA:83,1
DA:84,3
DA:85,3
DA:87,2
DA:88,2
DA:91,0
DA:92,0
DA:98,1
DA:100,2
DA:101,1
DA:102,3
DA:104,0
DA:105,0
DA:107,0
DA:108,0
DA:110,0
DA:111,0
LF:52
LH:44
end_of_record
SF:lib\operation.dart
DA:9,1
DA:11,1
DA:13,1
DA:15,1
LF:4
LH:4
end_of_record
SF:lib\pi.dart
DA:5,1
DA:6,1
DA:8,1
DA:13,1
DA:15,1
DA:16,2
DA:18,1
DA:19,1
DA:20,3
DA:22,1
DA:24,1
DA:25,1
DA:26,1
DA:27,1
DA:28,1
DA:29,3
LF:16
LH:16
end_of_record
SF:lib\power_of_two.dart
DA:5,1
DA:8,1
DA:10,1
DA:14,1
DA:15,1
DA:23,1
DA:25,1
DA:26,3
DA:29,1
DA:31,2
DA:32,1
DA:35,1
DA:37,1
DA:39,1
DA:40,1
DA:42,1
DA:45,1
DA:47,3
DA:49,1
DA:50,2
DA:51,3
DA:57,0
DA:59,0
DA:61,0
DA:62,0
DA:63,0
DA:66,0
DA:67,0
LF:28
LH:21
end_of_record
SF:lib\src\calculator.dart
DA:2,2
DA:4,0
DA:6,0
DA:8,0
DA:9,0
DA:10,0
DA:13,0
DA:14,0
DA:16,3
LF:9
LH:2
end_of_record
